<?xml version="1.0" encoding="UTF-8"?>
<testng-results skipped="0" failed="0" total="1" passed="1">
  <reporter-output>
  </reporter-output>
  <suite name="Suite" duration-ms="5755" started-at="2019-03-18T01:33:48Z" finished-at="2019-03-18T01:33:53Z">
    <groups>
    </groups>
    <test name="Test" duration-ms="5755" started-at="2019-03-18T01:33:48Z" finished-at="2019-03-18T01:33:53Z">
      <class name="openbaidu.openbaidu">
        <test-method status="PASS" signature="a1()[pri:0, instance:openbaidu.openbaidu@1c2c22f3]" name="a1" is-config="true" duration-ms="3187" started-at="2019-03-18T09:33:48Z" finished-at="2019-03-18T09:33:51Z">
          <reporter-output>
          </reporter-output>
        </test-method> <!-- a1 -->
        <test-method status="PASS" signature="f()[pri:0, instance:openbaidu.openbaidu@1c2c22f3]" name="f" duration-ms="2559" started-at="2019-03-18T09:33:51Z" finished-at="2019-03-18T09:33:53Z">
          <reporter-output>
          </reporter-output>
        </test-method> <!-- f -->
      </class> <!-- openbaidu.openbaidu -->
    </test> <!-- Test -->
  </suite> <!-- Suite -->
</testng-results>
